<?xml version="1.0" encoding="UTF-8"?>
<!-- Generated by org.testng.reporters.JUnitXMLReporter -->
<testsuite ignored="3" hostname="LAPTOP-CH4OCH9Q" failures="0" tests="3" name="FirefoxTest" time="28.851" errors="0" timestamp="2025-09-15T10:28:21 IST">
  <testcase classname="testscript.LoginTest" name="VerifyLoginWithInvalidUsernameandPassword" time="0.689"/>
  <testcase classname="testscript.LoginTest" name="VerifyLoginWithInvalidUsernameandPassword" time="0.491"/>
  <testcase classname="testscript.LoginTest" name="VerifyLoginWithInvalidUsernameandPassword" time="0.55"/>
  <testcase classname="testscript.LoginTest" name="VerifyLoginWithInvalidPassword" time="0.0">
    <ignored/>
  </testcase> <!-- VerifyLoginWithInvalidPassword -->
  <testcase classname="testscript.LoginTest" name="VerifyLoginWithInvalidUsername" time="0.0">
    <ignored/>
  </testcase> <!-- VerifyLoginWithInvalidUsername -->
  <testcase classname="testscript.LoginTest" name="verifyLoginWithValidCredentials" time="0.0">
    <ignored/>
  </testcase> <!-- verifyLoginWithValidCredentials -->
</testsuite> <!-- FirefoxTest -->
