<?xml version="1.0" encoding="UTF-8"?>
<!-- Generated by org.testng.reporters.JUnitXMLReporter -->
<testsuite ignored="3" hostname="LAPTOP-CH4OCH9Q" failures="0" tests="3" name="Test2" time="13.433" errors="0" timestamp="2025-09-15T10:20:01 IST">
  <testcase classname="testscript.LoginTest" name="VerifyLoginWithInvalidUsernameandPassword" time="0.494"/>
  <testcase classname="testscript.LoginTest" name="VerifyLoginWithInvalidUsernameandPassword" time="0.545"/>
  <testcase classname="testscript.LoginTest" name="VerifyLoginWithInvalidUsernameandPassword" time="0.511"/>
  <testcase classname="testscript.LoginTest" name="VerifyLoginWithInvalidPassword" time="0.0">
    <ignored/>
  </testcase> <!-- VerifyLoginWithInvalidPassword -->
  <testcase classname="testscript.LoginTest" name="VerifyLoginWithInvalidUsername" time="0.0">
    <ignored/>
  </testcase> <!-- VerifyLoginWithInvalidUsername -->
  <testcase classname="testscript.LoginTest" name="verifyLoginWithValidCredentials" time="0.0">
    <ignored/>
  </testcase> <!-- verifyLoginWithValidCredentials -->
</testsuite> <!-- Test2 -->
