<?xml version="1.0" encoding="UTF-8"?>
<!-- Generated by org.testng.reporters.JUnitXMLReporter -->
<testsuite ignored="0" hostname="LAPTOP-CH4OCH9Q" failures="0" tests="10" name="Test" time="52.292" errors="0" timestamp="2025-09-09T10:25:48 IST">
  <testcase classname="testscript.HomeTest" name="verifyHomePageLogout" time="2.666"/>
  <testcase classname="testscript.ManageNewsTest" name="verifyAddNews" time="2.814"/>
  <testcase classname="testscript.ManageNewsTest" name="verifyHomePageLink" time="2.006"/>
  <testcase classname="testscript.ManageNewsTest" name="verifySearchFunctionality" time="1.906"/>
  <testcase classname="testscript.ManageNewsTest" name="verifySearchResetfunctionality" time="2.567"/>
  <testcase classname="testscript.AdminTest" name="verifyAddUserFunctionality" time="3.972"/>
  <testcase classname="testscript.LoginTest" name="verifyLoginWithValidCredentials" time="0.539"/>
  <testcase classname="testscript.LoginTest" name="VerifyLoginWithInvalidPassword" time="0.862"/>
  <testcase classname="testscript.LoginTest" name="VerifyLoginWithInvalidUsername" time="0.684"/>
  <testcase classname="testscript.LoginTest" name="VerifyLoginWithInvalidUsernameandPassword" time="0.584"/>
</testsuite> <!-- Test -->
