<?xml version="1.0" encoding="UTF-8"?>
<testng-results ignored="0" total="5" passed="5" failed="0" skipped="0">
  <reporter-output>
  </reporter-output>
  <suite started-at="2025-09-01T09:38:53 IST" name="Default suite" finished-at="2025-09-01T09:39:32 IST" duration-ms="39047">
    <groups>
    </groups>
    <test started-at="2025-09-01T09:38:53 IST" name="Default test" finished-at="2025-09-01T09:39:32 IST" duration-ms="39047">
      <class name="testscript.ManageNewsTest">
        <test-method is-config="true" signature="BrowserInitializer()[pri:0, instance:testscript.ManageNewsTest@76505305]" started-at="2025-09-01T09:38:53 IST" name="BrowserInitializer" finished-at="2025-09-01T09:39:00 IST" duration-ms="6461" status="PASS">
          <reporter-output>
          </reporter-output>
        </test-method> <!-- BrowserInitializer -->
        <test-method signature="verifyAddNews()[pri:0, instance:testscript.ManageNewsTest@76505305]" started-at="2025-09-01T09:39:00 IST" name="verifyAddNews" finished-at="2025-09-01T09:39:03 IST" duration-ms="2888" status="PASS">
          <reporter-output>
          </reporter-output>
        </test-method> <!-- verifyAddNews -->
        <test-method is-config="true" signature="quitAndClose()[pri:0, instance:testscript.ManageNewsTest@76505305]" started-at="2025-09-01T09:39:03 IST" name="quitAndClose" finished-at="2025-09-01T09:39:03 IST" duration-ms="1" status="PASS">
          <reporter-output>
          </reporter-output>
        </test-method> <!-- quitAndClose -->
        <test-method is-config="true" signature="BrowserInitializer()[pri:0, instance:testscript.ManageNewsTest@76505305]" started-at="2025-09-01T09:39:03 IST" name="BrowserInitializer" finished-at="2025-09-01T09:39:08 IST" duration-ms="5728" status="PASS">
          <reporter-output>
          </reporter-output>
        </test-method> <!-- BrowserInitializer -->
        <test-method signature="verifyHomePageLink()[pri:0, instance:testscript.ManageNewsTest@76505305]" started-at="2025-09-01T09:39:08 IST" name="verifyHomePageLink" finished-at="2025-09-01T09:39:10 IST" duration-ms="1219" status="PASS">
          <reporter-output>
          </reporter-output>
        </test-method> <!-- verifyHomePageLink -->
        <test-method is-config="true" signature="quitAndClose()[pri:0, instance:testscript.ManageNewsTest@76505305]" started-at="2025-09-01T09:39:10 IST" name="quitAndClose" finished-at="2025-09-01T09:39:10 IST" duration-ms="2" status="PASS">
          <reporter-output>
          </reporter-output>
        </test-method> <!-- quitAndClose -->
        <test-method is-config="true" signature="BrowserInitializer()[pri:0, instance:testscript.ManageNewsTest@76505305]" started-at="2025-09-01T09:39:10 IST" name="BrowserInitializer" finished-at="2025-09-01T09:39:14 IST" duration-ms="4757" status="PASS">
          <reporter-output>
          </reporter-output>
        </test-method> <!-- BrowserInitializer -->
        <test-method signature="verifySearchClickinManageNewsPage()[pri:0, instance:testscript.ManageNewsTest@76505305]" started-at="2025-09-01T09:39:14 IST" name="verifySearchClickinManageNewsPage" finished-at="2025-09-01T09:39:16 IST" duration-ms="1556" status="PASS">
          <reporter-output>
          </reporter-output>
        </test-method> <!-- verifySearchClickinManageNewsPage -->
        <test-method is-config="true" signature="quitAndClose()[pri:0, instance:testscript.ManageNewsTest@76505305]" started-at="2025-09-01T09:39:16 IST" name="quitAndClose" finished-at="2025-09-01T09:39:16 IST" duration-ms="9" status="PASS">
          <reporter-output>
          </reporter-output>
        </test-method> <!-- quitAndClose -->
        <test-method is-config="true" signature="BrowserInitializer()[pri:0, instance:testscript.ManageNewsTest@76505305]" started-at="2025-09-01T09:39:16 IST" name="BrowserInitializer" finished-at="2025-09-01T09:39:22 IST" duration-ms="5811" status="PASS">
          <reporter-output>
          </reporter-output>
        </test-method> <!-- BrowserInitializer -->
        <test-method signature="verifySearchFunctionalityinManageNewsPage()[pri:0, instance:testscript.ManageNewsTest@76505305]" started-at="2025-09-01T09:39:22 IST" name="verifySearchFunctionalityinManageNewsPage" finished-at="2025-09-01T09:39:24 IST" duration-ms="1856" status="PASS">
          <reporter-output>
          </reporter-output>
        </test-method> <!-- verifySearchFunctionalityinManageNewsPage -->
        <test-method is-config="true" signature="quitAndClose()[pri:0, instance:testscript.ManageNewsTest@76505305]" started-at="2025-09-01T09:39:24 IST" name="quitAndClose" finished-at="2025-09-01T09:39:24 IST" duration-ms="5" status="PASS">
          <reporter-output>
          </reporter-output>
        </test-method> <!-- quitAndClose -->
        <test-method is-config="true" signature="BrowserInitializer()[pri:0, instance:testscript.ManageNewsTest@76505305]" started-at="2025-09-01T09:39:24 IST" name="BrowserInitializer" finished-at="2025-09-01T09:39:30 IST" duration-ms="5885" status="PASS">
          <reporter-output>
          </reporter-output>
        </test-method> <!-- BrowserInitializer -->
        <test-method signature="verifySearchRestfunctionalityinManageNewsPage()[pri:0, instance:testscript.ManageNewsTest@76505305]" started-at="2025-09-01T09:39:30 IST" name="verifySearchRestfunctionalityinManageNewsPage" finished-at="2025-09-01T09:39:32 IST" duration-ms="2664" status="PASS">
          <reporter-output>
          </reporter-output>
        </test-method> <!-- verifySearchRestfunctionalityinManageNewsPage -->
        <test-method is-config="true" signature="quitAndClose()[pri:0, instance:testscript.ManageNewsTest@76505305]" started-at="2025-09-01T09:39:32 IST" name="quitAndClose" finished-at="2025-09-01T09:39:32 IST" duration-ms="0" status="PASS">
          <reporter-output>
          </reporter-output>
        </test-method> <!-- quitAndClose -->
      </class> <!-- testscript.ManageNewsTest -->
    </test> <!-- Default test -->
  </suite> <!-- Default suite -->
</testng-results>
