<?xml version="1.0" encoding="UTF-8"?>
<!-- Generated by org.testng.reporters.JUnitXMLReporter -->
<testsuite ignored="0" hostname="LAPTOP-CH4OCH9Q" failures="0" tests="5" name="Default test" time="39.047" errors="0" timestamp="2025-09-01T09:39:32 IST">
  <testcase classname="testscript.ManageNewsTest" name="verifyAddNews" time="2.888"/>
  <testcase classname="testscript.ManageNewsTest" name="verifyHomePageLink" time="1.219"/>
  <testcase classname="testscript.ManageNewsTest" name="verifySearchClickinManageNewsPage" time="1.556"/>
  <testcase classname="testscript.ManageNewsTest" name="verifySearchFunctionalityinManageNewsPage" time="1.856"/>
  <testcase classname="testscript.ManageNewsTest" name="verifySearchRestfunctionalityinManageNewsPage" time="2.664"/>
</testsuite> <!-- Default test -->
